# JRE version: OpenJDK Runtime Environment (8.0_242-b01) (build 1.8.0_242-release-1644-b01)
# Java VM: OpenJDK 64-Bit Server VM (25.242-b01 mixed mode windows-amd64 compressed oops)
Heap:
 PSYoungGen      total 321536K, used 189970K [0x00000000d5580000, 0x00000000ea680000, 0x0000000100000000)
  eden space 300032K, 62% used [0x00000000d5580000,0x00000000e0bcc948,0x00000000e7a80000)
  from space 21504K, 15% used [0x00000000e7a80000,0x00000000e7db8000,0x00000000e8f80000)
  to   space 15360K, 0% used [0x00000000e8f80000,0x00000000e8f80000,0x00000000e9e80000)
 ParOldGen       total 77312K, used 46896K [0x0000000080000000, 0x0000000084b80000, 0x00000000d5580000)
  object space 77312K, 60% used [0x0000000080000000,0x0000000082dcc260,0x0000000084b80000)
 Metaspace       used 74714K, capacity 78332K, committed 78552K, reserved 1118208K
  class space    used 9991K, capacity 10663K, committed 10752K, reserved 1048576K
GC Heap History (10 events):
Event: 18.384 GC heap before
{Heap before GC invocations=13 (full 3):
 PSYoungGen      total 315392K, used 15344K [0x00000000d5580000, 0x00000000ea680000, 0x0000000100000000)
  eden space 300032K, 0% used [0x00000000d5580000,0x00000000d5580000,0x00000000e7a80000)
  from space 15360K, 99% used [0x00000000e8f80000,0x00000000e9e7c3e0,0x00000000e9e80000)
  to   space 21504K, 0% used [0x00000000e7a80000,0x00000000e7a80000,0x00000000e8f80000)
 ParOldGen       total 77312K, used 23812K [0x0000000080000000, 0x0000000084b80000, 0x00000000d5580000)
  object space 77312K, 30% used [0x0000000080000000,0x0000000081741288,0x0000000084b80000)
 Metaspace       used 56572K, capacity 59054K, committed 59096K, reserved 1099776K
  class space    used 7456K, capacity 7932K, committed 7936K, reserved 1048576K
Event: 18.824 GC heap after
Heap after GC invocations=13 (full 3):
 PSYoungGen      total 315392K, used 0K [0x00000000d5580000, 0x00000000ea680000, 0x0000000100000000)
  eden space 300032K, 0% used [0x00000000d5580000,0x00000000d5580000,0x00000000e7a80000)
  from space 15360K, 0% used [0x00000000e8f80000,0x00000000e8f80000,0x00000000e9e80000)
  to   space 21504K, 0% used [0x00000000e7a80000,0x00000000e7a80000,0x00000000e8f80000)
 ParOldGen       total 77312K, used 37896K [0x0000000080000000, 0x0000000084b80000, 0x00000000d5580000)
  object space 77312K, 49% used [0x0000000080000000,0x0000000082502220,0x0000000084b80000)
 Metaspace       used 56512K, capacity 58864K, committed 59096K, reserved 1099776K
  class space    used 7439K, capacity 7907K, committed 7936K, reserved 1048576K
}
Event: 34.452 GC heap before
{Heap before GC invocations=14 (full 3):
 PSYoungGen      total 315392K, used 300032K [0x00000000d5580000, 0x00000000ea680000, 0x0000000100000000)
  eden space 300032K, 100% used [0x00000000d5580000,0x00000000e7a80000,0x00000000e7a80000)
  from space 15360K, 0% used [0x00000000e8f80000,0x00000000e8f80000,0x00000000e9e80000)
  to   space 21504K, 0% used [0x00000000e7a80000,0x00000000e7a80000,0x00000000e8f80000)
 ParOldGen       total 77312K, used 37896K [0x0000000080000000, 0x0000000084b80000, 0x00000000d5580000)
  object space 77312K, 49% used [0x0000000080000000,0x0000000082502220,0x0000000084b80000)
 Metaspace       used 73555K, capacity 77280K, committed 77528K, reserved 1116160K
  class space    used 9956K, capacity 10629K, committed 10752K, reserved 1048576K
Event: 34.545 GC heap after
Heap after GC invocations=14 (full 3):
 PSYoungGen      total 321536K, used 21480K [0x00000000d5580000, 0x00000000ea680000, 0x0000000100000000)
  eden space 300032K, 0% used [0x00000000d5580000,0x00000000d5580000,0x00000000e7a80000)
  from space 21504K, 99% used [0x00000000e7a80000,0x00000000e8f7a3f8,0x00000000e8f80000)
  to   space 15360K, 0% used [0x00000000e8f80000,0x00000000e8f80000,0x00000000e9e80000)
 ParOldGen       total 77312K, used 47759K [0x0000000080000000, 0x0000000084b80000, 0x00000000d5580000)
  object space 77312K, 61% used [0x0000000080000000,0x0000000082ea3f80,0x0000000084b80000)
 Metaspace       used 73555K, capacity 77280K, committed 77528K, reserved 1116160K
  class space    used 9956K, capacity 10629K, committed 10752K, reserved 1048576K
}
Event: 38.480 GC heap before
{Heap before GC invocations=15 (full 3):
 PSYoungGen      total 321536K, used 321512K [0x00000000d5580000, 0x00000000ea680000, 0x0000000100000000)
  eden space 300032K, 100% used [0x00000000d5580000,0x00000000e7a80000,0x00000000e7a80000)
  from space 21504K, 99% used [0x00000000e7a80000,0x00000000e8f7a3f8,0x00000000e8f80000)
  to   space 15360K, 0% used [0x00000000e8f80000,0x00000000e8f80000,0x00000000e9e80000)
 ParOldGen       total 77312K, used 47759K [0x0000000080000000, 0x0000000084b80000, 0x00000000d5580000)
  object space 77312K, 61% used [0x0000000080000000,0x0000000082ea3f80,0x0000000084b80000)
 Metaspace       used 74246K, capacity 77982K, committed 78296K, reserved 1116160K
  class space    used 9986K, capacity 10664K, committed 10752K, reserved 1048576K
Event: 38.516 GC heap after
Heap after GC invocations=15 (full 3):
 PSYoungGen      total 315392K, used 1177K [0x00000000d5580000, 0x00000000ea680000, 0x0000000100000000)
  eden space 300032K, 0% used [0x00000000d5580000,0x00000000d5580000,0x00000000e7a80000)
  from space 15360K, 7% used [0x00000000e8f80000,0x00000000e90a6578,0x00000000e9e80000)
  to   space 21504K, 0% used [0x00000000e7a80000,0x00000000e7a80000,0x00000000e8f80000)
 ParOldGen       total 77312K, used 64811K [0x0000000080000000, 0x0000000084b80000, 0x00000000d5580000)
  object space 77312K, 83% used [0x0000000080000000,0x0000000083f4afe0,0x0000000084b80000)
 Metaspace       used 74246K, capacity 77982K, committed 78296K, reserved 1116160K
  class space    used 9986K, capacity 10664K, committed 10752K, reserved 1048576K
}
Event: 38.517 GC heap before
{Heap before GC invocations=16 (full 4):
 PSYoungGen      total 315392K, used 1177K [0x00000000d5580000, 0x00000000ea680000, 0x0000000100000000)
  eden space 300032K, 0% used [0x00000000d5580000,0x00000000d5580000,0x00000000e7a80000)
  from space 15360K, 7% used [0x00000000e8f80000,0x00000000e90a6578,0x00000000e9e80000)
  to   space 21504K, 0% used [0x00000000e7a80000,0x00000000e7a80000,0x00000000e8f80000)
 ParOldGen       total 77312K, used 64811K [0x0000000080000000, 0x0000000084b80000, 0x00000000d5580000)
  object space 77312K, 83% used [0x0000000080000000,0x0000000083f4afe0,0x0000000084b80000)
 Metaspace       used 74246K, capacity 77982K, committed 78296K, reserved 1116160K
  class space    used 9986K, capacity 10664K, committed 10752K, reserved 1048576K
Event: 38.885 GC heap after
Heap after GC invocations=16 (full 4):
 PSYoungGen      total 315392K, used 0K [0x00000000d5580000, 0x00000000ea680000, 0x0000000100000000)
  eden space 300032K, 0% used [0x00000000d5580000,0x00000000d5580000,0x00000000e7a80000)
  from space 15360K, 0% used [0x00000000e8f80000,0x00000000e8f80000,0x00000000e9e80000)
  to   space 21504K, 0% used [0x00000000e7a80000,0x00000000e7a80000,0x00000000e8f80000)
 ParOldGen       total 77312K, used 46888K [0x0000000080000000, 0x0000000084b80000, 0x00000000d5580000)
  object space 77312K, 60% used [0x0000000080000000,0x0000000082dca260,0x0000000084b80000)
 Metaspace       used 74172K, capacity 77756K, committed 78296K, reserved 1116160K
  class space    used 9962K, capacity 10621K, committed 10752K, reserved 1048576K
}
Event: 48.887 GC heap before
{Heap before GC invocations=17 (full 4):
 PSYoungGen      total 315392K, used 300032K [0x00000000d5580000, 0x00000000ea680000, 0x0000000100000000)
  eden space 300032K, 100% used [0x00000000d5580000,0x00000000e7a80000,0x00000000e7a80000)
  from space 15360K, 0% used [0x00000000e8f80000,0x00000000e8f80000,0x00000000e9e80000)
  to   space 21504K, 0% used [0x00000000e7a80000,0x00000000e7a80000,0x00000000e8f80000)
 ParOldGen       total 77312K, used 46888K [0x0000000080000000, 0x0000000084b80000, 0x00000000d5580000)
  object space 77312K, 60% used [0x0000000080000000,0x0000000082dca260,0x0000000084b80000)
 Metaspace       used 74469K, capacity 78104K, committed 78552K, reserved 1118208K
  class space    used 9970K, capacity 10631K, committed 10752K, reserved 1048576K
Event: 48.896 GC heap after
Heap after GC invocations=17 (full 4):
 PSYoungGen      total 321536K, used 3296K [0x00000000d5580000, 0x00000000ea680000, 0x0000000100000000)
  eden space 300032K, 0% used [0x00000000d5580000,0x00000000d5580000,0x00000000e7a80000)
  from space 21504K, 15% used [0x00000000e7a80000,0x00000000e7db8000,0x00000000e8f80000)
  to   space 15360K, 0% used [0x00000000e8f80000,0x00000000e8f80000,0x00000000e9e80000)
 ParOldGen       total 77312K, used 46896K [0x0000000080000000, 0x0000000084b80000, 0x00000000d5580000)
  object space 77312K, 60% used [0x0000000080000000,0x0000000082dcc260,0x0000000084b80000)
 Metaspace       used 74469K, capacity 78104K, committed 78552K, reserved 1118208K
  class space    used 9970K, capacity 10631K, committed 10752K, reserved 1048576K
}

