# JRE version: OpenJDK Runtime Environment (8.0_242-b01) (build 1.8.0_242-release-1644-b01)
# Java VM: OpenJDK 64-Bit Server VM (25.242-b01 mixed mode windows-amd64 compressed oops)
Heap:
 PSYoungGen      total 625664K, used 116929K [0x00000000d5580000, 0x0000000100000000, 0x0000000100000000)
  eden space 564224K, 13% used [0x00000000d5580000,0x00000000da202750,0x00000000f7c80000)
  from space 61440K, 62% used [0x00000000f7c80000,0x00000000fa22dd70,0x00000000fb880000)
  to   space 64512K, 0% used [0x00000000fc100000,0x00000000fc100000,0x0000000100000000)
 ParOldGen       total 242176K, used 184941K [0x0000000080000000, 0x000000008ec80000, 0x00000000d5580000)
  object space 242176K, 76% used [0x0000000080000000,0x000000008b49b650,0x000000008ec80000)
 Metaspace       used 119858K, capacity 126638K, committed 127808K, reserved 1161216K
  class space    used 15147K, capacity 16432K, committed 16768K, reserved 1048576K
GC Heap History (10 events):
Event: 2455.998 GC heap before
{Heap before GC invocations=64 (full 5):
 PSYoungGen      total 608256K, used 560600K [0x00000000d5580000, 0x00000000ff500000, 0x0000000100000000)
  eden space 535040K, 100% used [0x00000000d5580000,0x00000000f6000000,0x00000000f6000000)
  from space 73216K, 34% used [0x00000000fad80000,0x00000000fc676288,0x00000000ff500000)
  to   space 76288K, 0% used [0x00000000f6000000,0x00000000f6000000,0x00000000faa80000)
 ParOldGen       total 242176K, used 128700K [0x0000000080000000, 0x000000008ec80000, 0x00000000d5580000)
  object space 242176K, 53% used [0x0000000080000000,0x0000000087daf140,0x000000008ec80000)
 Metaspace       used 119837K, capacity 126638K, committed 127808K, reserved 1161216K
  class space    used 15147K, capacity 16432K, committed 16768K, reserved 1048576K
Event: 2456.081 GC heap after
Heap after GC invocations=64 (full 5):
 PSYoungGen      total 611328K, used 5120K [0x00000000d5580000, 0x00000000ffe00000, 0x0000000100000000)
  eden space 535040K, 0% used [0x00000000d5580000,0x00000000d5580000,0x00000000f6000000)
  from space 76288K, 6% used [0x00000000f6000000,0x00000000f6500000,0x00000000faa80000)
  to   space 73728K, 0% used [0x00000000fb600000,0x00000000fb600000,0x00000000ffe00000)
 ParOldGen       total 242176K, used 148370K [0x0000000080000000, 0x000000008ec80000, 0x00000000d5580000)
  object space 242176K, 61% used [0x0000000080000000,0x00000000890e4868,0x000000008ec80000)
 Metaspace       used 119837K, capacity 126638K, committed 127808K, reserved 1161216K
  class space    used 15147K, capacity 16432K, committed 16768K, reserved 1048576K
}
Event: 2459.673 GC heap before
{Heap before GC invocations=65 (full 5):
 PSYoungGen      total 611328K, used 540160K [0x00000000d5580000, 0x00000000ffe00000, 0x0000000100000000)
  eden space 535040K, 100% used [0x00000000d5580000,0x00000000f6000000,0x00000000f6000000)
  from space 76288K, 6% used [0x00000000f6000000,0x00000000f6500000,0x00000000faa80000)
  to   space 73728K, 0% used [0x00000000fb600000,0x00000000fb600000,0x00000000ffe00000)
 ParOldGen       total 242176K, used 148370K [0x0000000080000000, 0x000000008ec80000, 0x00000000d5580000)
  object space 242176K, 61% used [0x0000000080000000,0x00000000890e4868,0x000000008ec80000)
 Metaspace       used 119842K, capacity 126638K, committed 127808K, reserved 1161216K
  class space    used 15147K, capacity 16432K, committed 16768K, reserved 1048576K
Event: 2459.725 GC heap after
Heap after GC invocations=65 (full 5):
 PSYoungGen      total 611840K, used 19269K [0x00000000d5580000, 0x00000000ff380000, 0x0000000100000000)
  eden space 548864K, 0% used [0x00000000d5580000,0x00000000d5580000,0x00000000f6d80000)
  from space 62976K, 30% used [0x00000000fb600000,0x00000000fc8d1578,0x00000000ff380000)
  to   space 68608K, 0% used [0x00000000f6d80000,0x00000000f6d80000,0x00000000fb080000)
 ParOldGen       total 242176K, used 149965K [0x0000000080000000, 0x000000008ec80000, 0x00000000d5580000)
  object space 242176K, 61% used [0x0000000080000000,0x00000000892734e8,0x000000008ec80000)
 Metaspace       used 119842K, capacity 126638K, committed 127808K, reserved 1161216K
  class space    used 15147K, capacity 16432K, committed 16768K, reserved 1048576K
}
Event: 2461.284 GC heap before
{Heap before GC invocations=66 (full 5):
 PSYoungGen      total 611840K, used 568133K [0x00000000d5580000, 0x00000000ff380000, 0x0000000100000000)
  eden space 548864K, 100% used [0x00000000d5580000,0x00000000f6d80000,0x00000000f6d80000)
  from space 62976K, 30% used [0x00000000fb600000,0x00000000fc8d1578,0x00000000ff380000)
  to   space 68608K, 0% used [0x00000000f6d80000,0x00000000f6d80000,0x00000000fb080000)
 ParOldGen       total 242176K, used 149965K [0x0000000080000000, 0x000000008ec80000, 0x00000000d5580000)
  object space 242176K, 61% used [0x0000000080000000,0x00000000892734e8,0x000000008ec80000)
 Metaspace       used 119846K, capacity 126638K, committed 127808K, reserved 1161216K
  class space    used 15147K, capacity 16432K, committed 16768K, reserved 1048576K
Event: 2461.331 GC heap after
Heap after GC invocations=66 (full 5):
 PSYoungGen      total 617472K, used 9936K [0x00000000d5580000, 0x0000000100000000, 0x0000000100000000)
  eden space 548864K, 0% used [0x00000000d5580000,0x00000000d5580000,0x00000000f6d80000)
  from space 68608K, 14% used [0x00000000f6d80000,0x00000000f7734030,0x00000000fb080000)
  to   space 66048K, 0% used [0x00000000fbf80000,0x00000000fbf80000,0x0000000100000000)
 ParOldGen       total 242176K, used 164689K [0x0000000080000000, 0x000000008ec80000, 0x00000000d5580000)
  object space 242176K, 68% used [0x0000000080000000,0x000000008a0d4718,0x000000008ec80000)
 Metaspace       used 119846K, capacity 126638K, committed 127808K, reserved 1161216K
  class space    used 15147K, capacity 16432K, committed 16768K, reserved 1048576K
}
Event: 2462.878 GC heap before
{Heap before GC invocations=67 (full 5):
 PSYoungGen      total 617472K, used 558800K [0x00000000d5580000, 0x0000000100000000, 0x0000000100000000)
  eden space 548864K, 100% used [0x00000000d5580000,0x00000000f6d80000,0x00000000f6d80000)
  from space 68608K, 14% used [0x00000000f6d80000,0x00000000f7734030,0x00000000fb080000)
  to   space 66048K, 0% used [0x00000000fbf80000,0x00000000fbf80000,0x0000000100000000)
 ParOldGen       total 242176K, used 165277K [0x0000000080000000, 0x000000008ec80000, 0x00000000d5580000)
  object space 242176K, 68% used [0x0000000080000000,0x000000008a167600,0x000000008ec80000)
 Metaspace       used 119851K, capacity 126638K, committed 127808K, reserved 1161216K
  class space    used 15147K, capacity 16432K, committed 16768K, reserved 1048576K
Event: 2462.913 GC heap after
Heap after GC invocations=67 (full 5):
 PSYoungGen      total 618496K, used 18164K [0x00000000d5580000, 0x00000000ff480000, 0x0000000100000000)
  eden space 564224K, 0% used [0x00000000d5580000,0x00000000d5580000,0x00000000f7c80000)
  from space 54272K, 33% used [0x00000000fbf80000,0x00000000fd13d168,0x00000000ff480000)
  to   space 61440K, 0% used [0x00000000f7c80000,0x00000000f7c80000,0x00000000fb880000)
 ParOldGen       total 242176K, used 170835K [0x0000000080000000, 0x000000008ec80000, 0x00000000d5580000)
  object space 242176K, 70% used [0x0000000080000000,0x000000008a6d4c78,0x000000008ec80000)
 Metaspace       used 119851K, capacity 126638K, committed 127808K, reserved 1161216K
  class space    used 15147K, capacity 16432K, committed 16768K, reserved 1048576K
}
Event: 2465.155 GC heap before
{Heap before GC invocations=68 (full 5):
 PSYoungGen      total 618496K, used 582388K [0x00000000d5580000, 0x00000000ff480000, 0x0000000100000000)
  eden space 564224K, 100% used [0x00000000d5580000,0x00000000f7c80000,0x00000000f7c80000)
  from space 54272K, 33% used [0x00000000fbf80000,0x00000000fd13d168,0x00000000ff480000)
  to   space 61440K, 0% used [0x00000000f7c80000,0x00000000f7c80000,0x00000000fb880000)
 ParOldGen       total 242176K, used 170837K [0x0000000080000000, 0x000000008ec80000, 0x00000000d5580000)
  object space 242176K, 70% used [0x0000000080000000,0x000000008a6d54b8,0x000000008ec80000)
 Metaspace       used 119858K, capacity 126638K, committed 127808K, reserved 1161216K
  class space    used 15147K, capacity 16432K, committed 16768K, reserved 1048576K
Event: 2465.320 GC heap after
Heap after GC invocations=68 (full 5):
 PSYoungGen      total 625664K, used 38583K [0x00000000d5580000, 0x0000000100000000, 0x0000000100000000)
  eden space 564224K, 0% used [0x00000000d5580000,0x00000000d5580000,0x00000000f7c80000)
  from space 61440K, 62% used [0x00000000f7c80000,0x00000000fa22dd70,0x00000000fb880000)
  to   space 64512K, 0% used [0x00000000fc100000,0x00000000fc100000,0x0000000100000000)
 ParOldGen       total 242176K, used 184941K [0x0000000080000000, 0x000000008ec80000, 0x00000000d5580000)
  object space 242176K, 76% used [0x0000000080000000,0x000000008b49b650,0x000000008ec80000)
 Metaspace       used 119858K, capacity 126638K, committed 127808K, reserved 1161216K
  class space    used 15147K, capacity 16432K, committed 16768K, reserved 1048576K
}

