# JRE version: OpenJDK Runtime Environment (8.0_242-b01) (build 1.8.0_242-release-1644-b01)
# Java VM: OpenJDK 64-Bit Server VM (25.242-b01 mixed mode windows-amd64 compressed oops)
Heap:
 PSYoungGen      total 355840K, used 7561K [0x00000000d5580000, 0x00000000ec400000, 0x0000000100000000)
  eden space 337920K, 2% used [0x00000000d5580000,0x00000000d5ce2750,0x00000000e9f80000)
  from space 17920K, 0% used [0x00000000ea100000,0x00000000ea100000,0x00000000eb280000)
  to   space 11776K, 0% used [0x00000000eb880000,0x00000000eb880000,0x00000000ec400000)
 ParOldGen       total 98816K, used 30661K [0x0000000080000000, 0x0000000086080000, 0x00000000d5580000)
  object space 98816K, 31% used [0x0000000080000000,0x0000000081df1780,0x0000000086080000)
 Metaspace       used 56967K, capacity 59206K, committed 59736K, reserved 1101824K
  class space    used 7359K, capacity 7780K, committed 7936K, reserved 1048576K
GC Heap History (10 events):
Event: 43.797 GC heap before
{Heap before GC invocations=14 (full 2):
 PSYoungGen      total 243712K, used 238462K [0x00000000d5580000, 0x00000000e8580000, 0x0000000100000000)
  eden space 227328K, 100% used [0x00000000d5580000,0x00000000e3380000,0x00000000e3380000)
  from space 16384K, 67% used [0x00000000e3380000,0x00000000e3e5faa0,0x00000000e4380000)
  to   space 16384K, 0% used [0x00000000e7580000,0x00000000e7580000,0x00000000e8580000)
 ParOldGen       total 98816K, used 20596K [0x0000000080000000, 0x0000000086080000, 0x00000000d5580000)
  object space 98816K, 20% used [0x0000000080000000,0x000000008141d058,0x0000000086080000)
 Metaspace       used 48044K, capacity 49884K, committed 50176K, reserved 1093632K
  class space    used 6246K, capacity 6612K, committed 6656K, reserved 1048576K
Event: 43.826 GC heap after
Heap after GC invocations=14 (full 2):
 PSYoungGen      total 294400K, used 12674K [0x00000000d5580000, 0x00000000e8b00000, 0x0000000100000000)
  eden space 278016K, 0% used [0x00000000d5580000,0x00000000d5580000,0x00000000e6500000)
  from space 16384K, 77% used [0x00000000e7580000,0x00000000e81e0ad0,0x00000000e8580000)
  to   space 16896K, 0% used [0x00000000e6500000,0x00000000e6500000,0x00000000e7580000)
 ParOldGen       total 98816K, used 20604K [0x0000000080000000, 0x0000000086080000, 0x00000000d5580000)
  object space 98816K, 20% used [0x0000000080000000,0x000000008141f058,0x0000000086080000)
 Metaspace       used 48044K, capacity 49884K, committed 50176K, reserved 1093632K
  class space    used 6246K, capacity 6612K, committed 6656K, reserved 1048576K
}
Event: 46.421 GC heap before
{Heap before GC invocations=15 (full 2):
 PSYoungGen      total 294400K, used 290690K [0x00000000d5580000, 0x00000000e8b00000, 0x0000000100000000)
  eden space 278016K, 100% used [0x00000000d5580000,0x00000000e6500000,0x00000000e6500000)
  from space 16384K, 77% used [0x00000000e7580000,0x00000000e81e0ad0,0x00000000e8580000)
  to   space 16896K, 0% used [0x00000000e6500000,0x00000000e6500000,0x00000000e7580000)
 ParOldGen       total 98816K, used 20604K [0x0000000080000000, 0x0000000086080000, 0x00000000d5580000)
  object space 98816K, 20% used [0x0000000080000000,0x000000008141f058,0x0000000086080000)
 Metaspace       used 48052K, capacity 49948K, committed 50176K, reserved 1093632K
  class space    used 6246K, capacity 6612K, committed 6656K, reserved 1048576K
Event: 46.447 GC heap after
Heap after GC invocations=15 (full 2):
 PSYoungGen      total 294912K, used 14846K [0x00000000d5580000, 0x00000000eca80000, 0x0000000100000000)
  eden space 278016K, 0% used [0x00000000d5580000,0x00000000d5580000,0x00000000e6500000)
  from space 16896K, 87% used [0x00000000e6500000,0x00000000e737fab0,0x00000000e7580000)
  to   space 18432K, 0% used [0x00000000eb880000,0x00000000eb880000,0x00000000eca80000)
 ParOldGen       total 98816K, used 20612K [0x0000000080000000, 0x0000000086080000, 0x00000000d5580000)
  object space 98816K, 20% used [0x0000000080000000,0x0000000081421058,0x0000000086080000)
 Metaspace       used 48052K, capacity 49948K, committed 50176K, reserved 1093632K
  class space    used 6246K, capacity 6612K, committed 6656K, reserved 1048576K
}
Event: 53.303 GC heap before
{Heap before GC invocations=16 (full 2):
 PSYoungGen      total 294912K, used 292862K [0x00000000d5580000, 0x00000000eca80000, 0x0000000100000000)
  eden space 278016K, 100% used [0x00000000d5580000,0x00000000e6500000,0x00000000e6500000)
  from space 16896K, 87% used [0x00000000e6500000,0x00000000e737fab0,0x00000000e7580000)
  to   space 18432K, 0% used [0x00000000eb880000,0x00000000eb880000,0x00000000eca80000)
 ParOldGen       total 98816K, used 20612K [0x0000000080000000, 0x0000000086080000, 0x00000000d5580000)
  object space 98816K, 20% used [0x0000000080000000,0x0000000081421058,0x0000000086080000)
 Metaspace       used 48290K, capacity 50206K, committed 50432K, reserved 1093632K
  class space    used 6271K, capacity 6625K, committed 6656K, reserved 1048576K
Event: 53.326 GC heap after
Heap after GC invocations=16 (full 2):
 PSYoungGen      total 349696K, used 11303K [0x00000000d5580000, 0x00000000ec400000, 0x0000000100000000)
  eden space 337920K, 0% used [0x00000000d5580000,0x00000000d5580000,0x00000000e9f80000)
  from space 11776K, 95% used [0x00000000eb880000,0x00000000ec389d18,0x00000000ec400000)
  to   space 17920K, 0% used [0x00000000ea100000,0x00000000ea100000,0x00000000eb280000)
 ParOldGen       total 98816K, used 20620K [0x0000000080000000, 0x0000000086080000, 0x00000000d5580000)
  object space 98816K, 20% used [0x0000000080000000,0x0000000081423058,0x0000000086080000)
 Metaspace       used 48290K, capacity 50206K, committed 50432K, reserved 1093632K
  class space    used 6271K, capacity 6625K, committed 6656K, reserved 1048576K
}
Event: 64.936 GC heap before
{Heap before GC invocations=17 (full 2):
 PSYoungGen      total 349696K, used 210175K [0x00000000d5580000, 0x00000000ec400000, 0x0000000100000000)
  eden space 337920K, 58% used [0x00000000d5580000,0x00000000e17b61a0,0x00000000e9f80000)
  from space 11776K, 95% used [0x00000000eb880000,0x00000000ec389d18,0x00000000ec400000)
  to   space 17920K, 0% used [0x00000000ea100000,0x00000000ea100000,0x00000000eb280000)
 ParOldGen       total 98816K, used 20620K [0x0000000080000000, 0x0000000086080000, 0x00000000d5580000)
  object space 98816K, 20% used [0x0000000080000000,0x0000000081423058,0x0000000086080000)
 Metaspace       used 56796K, capacity 59042K, committed 59096K, reserved 1101824K
  class space    used 7348K, capacity 7790K, committed 7808K, reserved 1048576K
Event: 64.973 GC heap after
Heap after GC invocations=17 (full 2):
 PSYoungGen      total 355840K, used 17909K [0x00000000d5580000, 0x00000000ec400000, 0x0000000100000000)
  eden space 337920K, 0% used [0x00000000d5580000,0x00000000d5580000,0x00000000e9f80000)
  from space 17920K, 99% used [0x00000000ea100000,0x00000000eb27d4c8,0x00000000eb280000)
  to   space 11776K, 0% used [0x00000000eb880000,0x00000000eb880000,0x00000000ec400000)
 ParOldGen       total 98816K, used 22162K [0x0000000080000000, 0x0000000086080000, 0x00000000d5580000)
  object space 98816K, 22% used [0x0000000080000000,0x00000000815a48e0,0x0000000086080000)
 Metaspace       used 56796K, capacity 59042K, committed 59096K, reserved 1101824K
  class space    used 7348K, capacity 7790K, committed 7808K, reserved 1048576K
}
Event: 64.973 GC heap before
{Heap before GC invocations=18 (full 3):
 PSYoungGen      total 355840K, used 17909K [0x00000000d5580000, 0x00000000ec400000, 0x0000000100000000)
  eden space 337920K, 0% used [0x00000000d5580000,0x00000000d5580000,0x00000000e9f80000)
  from space 17920K, 99% used [0x00000000ea100000,0x00000000eb27d4c8,0x00000000eb280000)
  to   space 11776K, 0% used [0x00000000eb880000,0x00000000eb880000,0x00000000ec400000)
 ParOldGen       total 98816K, used 22162K [0x0000000080000000, 0x0000000086080000, 0x00000000d5580000)
  object space 98816K, 22% used [0x0000000080000000,0x00000000815a48e0,0x0000000086080000)
 Metaspace       used 56796K, capacity 59042K, committed 59096K, reserved 1101824K
  class space    used 7348K, capacity 7790K, committed 7808K, reserved 1048576K
Event: 65.250 GC heap after
Heap after GC invocations=18 (full 3):
 PSYoungGen      total 355840K, used 0K [0x00000000d5580000, 0x00000000ec400000, 0x0000000100000000)
  eden space 337920K, 0% used [0x00000000d5580000,0x00000000d5580000,0x00000000e9f80000)
  from space 17920K, 0% used [0x00000000ea100000,0x00000000ea100000,0x00000000eb280000)
  to   space 11776K, 0% used [0x00000000eb880000,0x00000000eb880000,0x00000000ec400000)
 ParOldGen       total 98816K, used 30661K [0x0000000080000000, 0x0000000086080000, 0x00000000d5580000)
  object space 98816K, 31% used [0x0000000080000000,0x0000000081df1780,0x0000000086080000)
 Metaspace       used 56710K, capacity 58854K, committed 59096K, reserved 1101824K
  class space    used 7321K, capacity 7748K, committed 7808K, reserved 1048576K
}

