# JRE version: OpenJDK Runtime Environment (8.0_242-b01) (build 1.8.0_242-release-1644-b01)
# Java VM: OpenJDK 64-Bit Server VM (25.242-b01 mixed mode windows-amd64 compressed oops)
Heap:
 PSYoungGen      total 452608K, used 14511K [0x00000000d5580000, 0x00000000f8680000, 0x0000000100000000)
  eden space 400896K, 3% used [0x00000000d5580000,0x00000000d63abc28,0x00000000edd00000)
  from space 51712K, 0% used [0x00000000f2080000,0x00000000f2080000,0x00000000f5300000)
  to   space 69120K, 12% used [0x00000000edd00000,0x00000000ee5739b8,0x00000000f2080000)
 ParOldGen       total 217600K, used 217563K [0x0000000080000000, 0x000000008d480000, 0x00000000d5580000)
  object space 217600K, 99% used [0x0000000080000000,0x000000008d476f08,0x000000008d480000)
 Metaspace       used 118754K, capacity 125500K, committed 129176K, reserved 1161216K
  class space    used 15181K, capacity 16456K, committed 17064K, reserved 1048576K
GC Heap History (10 events):
Event: 2162.227 GC heap before
{Heap before GC invocations=28 (full 4):
 PSYoungGen      total 470016K, used 436336K [0x00000000d5580000, 0x00000000f8680000, 0x0000000100000000)
  eden space 400896K, 100% used [0x00000000d5580000,0x00000000edd00000,0x00000000edd00000)
  from space 69120K, 51% used [0x00000000edd00000,0x00000000eff9c0f8,0x00000000f2080000)
  to   space 51712K, 0% used [0x00000000f2080000,0x00000000f2080000,0x00000000f5300000)
 ParOldGen       total 205824K, used 152996K [0x0000000080000000, 0x000000008c900000, 0x00000000d5580000)
  object space 205824K, 74% used [0x0000000080000000,0x00000000895693a8,0x000000008c900000)
 Metaspace       used 119892K, capacity 126986K, committed 127256K, reserved 1159168K
  class space    used 15444K, capacity 16832K, committed 16936K, reserved 1048576K
Event: 2162.335 GC heap after
Heap after GC invocations=28 (full 4):
 PSYoungGen      total 452608K, used 43431K [0x00000000d5580000, 0x00000000f8680000, 0x0000000100000000)
  eden space 400896K, 0% used [0x00000000d5580000,0x00000000d5580000,0x00000000edd00000)
  from space 51712K, 83% used [0x00000000f2080000,0x00000000f4ae9c88,0x00000000f5300000)
  to   space 69120K, 0% used [0x00000000edd00000,0x00000000edd00000,0x00000000f2080000)
 ParOldGen       total 205824K, used 152996K [0x0000000080000000, 0x000000008c900000, 0x00000000d5580000)
  object space 205824K, 74% used [0x0000000080000000,0x00000000895693a8,0x000000008c900000)
 Metaspace       used 119892K, capacity 126986K, committed 127256K, reserved 1159168K
  class space    used 15444K, capacity 16832K, committed 16936K, reserved 1048576K
}
Event: 2165.993 GC heap before
{Heap before GC invocations=29 (full 4):
 PSYoungGen      total 452608K, used 444327K [0x00000000d5580000, 0x00000000f8680000, 0x0000000100000000)
  eden space 400896K, 100% used [0x00000000d5580000,0x00000000edd00000,0x00000000edd00000)
  from space 51712K, 83% used [0x00000000f2080000,0x00000000f4ae9c88,0x00000000f5300000)
  to   space 69120K, 0% used [0x00000000edd00000,0x00000000edd00000,0x00000000f2080000)
 ParOldGen       total 205824K, used 152996K [0x0000000080000000, 0x000000008c900000, 0x00000000d5580000)
  object space 205824K, 74% used [0x0000000080000000,0x00000000895693a8,0x000000008c900000)
 Metaspace       used 120269K, capacity 127524K, committed 127768K, reserved 1161216K
  class space    used 15468K, capacity 16843K, committed 16936K, reserved 1048576K
Event: 2166.056 GC heap after
Heap after GC invocations=29 (full 4):
 PSYoungGen      total 470016K, used 21665K [0x00000000d5580000, 0x00000000f8680000, 0x0000000100000000)
  eden space 400896K, 0% used [0x00000000d5580000,0x00000000d5580000,0x00000000edd00000)
  from space 69120K, 31% used [0x00000000edd00000,0x00000000ef2284a0,0x00000000f2080000)
  to   space 51712K, 0% used [0x00000000f2080000,0x00000000f2080000,0x00000000f5300000)
 ParOldGen       total 205824K, used 153004K [0x0000000080000000, 0x000000008c900000, 0x00000000d5580000)
  object space 205824K, 74% used [0x0000000080000000,0x000000008956b3a8,0x000000008c900000)
 Metaspace       used 120269K, capacity 127524K, committed 127768K, reserved 1161216K
  class space    used 15468K, capacity 16843K, committed 16936K, reserved 1048576K
}
Event: 2170.686 GC heap before
{Heap before GC invocations=30 (full 4):
 PSYoungGen      total 470016K, used 422561K [0x00000000d5580000, 0x00000000f8680000, 0x0000000100000000)
  eden space 400896K, 100% used [0x00000000d5580000,0x00000000edd00000,0x00000000edd00000)
  from space 69120K, 31% used [0x00000000edd00000,0x00000000ef2284a0,0x00000000f2080000)
  to   space 51712K, 0% used [0x00000000f2080000,0x00000000f2080000,0x00000000f5300000)
 ParOldGen       total 205824K, used 156067K [0x0000000080000000, 0x000000008c900000, 0x00000000d5580000)
  object space 205824K, 75% used [0x0000000080000000,0x0000000089868d48,0x000000008c900000)
 Metaspace       used 121177K, capacity 128470K, committed 128664K, reserved 1161216K
  class space    used 15559K, capacity 16970K, committed 17064K, reserved 1048576K
Event: 2170.746 GC heap after
Heap after GC invocations=30 (full 4):
 PSYoungGen      total 452608K, used 46808K [0x00000000d5580000, 0x00000000f8680000, 0x0000000100000000)
  eden space 400896K, 0% used [0x00000000d5580000,0x00000000d5580000,0x00000000edd00000)
  from space 51712K, 90% used [0x00000000f2080000,0x00000000f4e360e8,0x00000000f5300000)
  to   space 69120K, 0% used [0x00000000edd00000,0x00000000edd00000,0x00000000f2080000)
 ParOldGen       total 205824K, used 163425K [0x0000000080000000, 0x000000008c900000, 0x00000000d5580000)
  object space 205824K, 79% used [0x0000000080000000,0x0000000089f98500,0x000000008c900000)
 Metaspace       used 121177K, capacity 128470K, committed 128664K, reserved 1161216K
  class space    used 15559K, capacity 16970K, committed 17064K, reserved 1048576K
}
Event: 2174.863 GC heap before
{Heap before GC invocations=31 (full 4):
 PSYoungGen      total 452608K, used 447704K [0x00000000d5580000, 0x00000000f8680000, 0x0000000100000000)
  eden space 400896K, 100% used [0x00000000d5580000,0x00000000edd00000,0x00000000edd00000)
  from space 51712K, 90% used [0x00000000f2080000,0x00000000f4e360e8,0x00000000f5300000)
  to   space 69120K, 0% used [0x00000000edd00000,0x00000000edd00000,0x00000000f2080000)
 ParOldGen       total 205824K, used 163428K [0x0000000080000000, 0x000000008c900000, 0x00000000d5580000)
  object space 205824K, 79% used [0x0000000080000000,0x0000000089f992a8,0x000000008c900000)
 Metaspace       used 121703K, capacity 129094K, committed 129176K, reserved 1161216K
  class space    used 15591K, capacity 17022K, committed 17064K, reserved 1048576K
Event: 2175.785 GC heap after
Heap after GC invocations=31 (full 4):
 PSYoungGen      total 452608K, used 447704K [0x00000000d5580000, 0x00000000f8680000, 0x0000000100000000)
  eden space 400896K, 100% used [0x00000000d5580000,0x00000000edd00000,0x00000000edd00000)
  from space 51712K, 90% used [0x00000000f2080000,0x00000000f4e360e8,0x00000000f5300000)
  to   space 69120K, 99% used [0x00000000edd00000,0x00000000f2078b80,0x00000000f2080000)
 ParOldGen       total 217600K, used 217594K [0x0000000080000000, 0x000000008d480000, 0x00000000d5580000)
  object space 217600K, 99% used [0x0000000080000000,0x000000008d47e8c0,0x000000008d480000)
 Metaspace       used 121703K, capacity 129094K, committed 129176K, reserved 1161216K
  class space    used 15591K, capacity 17022K, committed 17064K, reserved 1048576K
}
Event: 2175.785 GC heap before
{Heap before GC invocations=32 (full 5):
 PSYoungGen      total 452608K, used 447704K [0x00000000d5580000, 0x00000000f8680000, 0x0000000100000000)
  eden space 400896K, 100% used [0x00000000d5580000,0x00000000edd00000,0x00000000edd00000)
  from space 51712K, 90% used [0x00000000f2080000,0x00000000f4e360e8,0x00000000f5300000)
  to   space 69120K, 99% used [0x00000000edd00000,0x00000000f2078b80,0x00000000f2080000)
 ParOldGen       total 217600K, used 217594K [0x0000000080000000, 0x000000008d480000, 0x00000000d5580000)
  object space 217600K, 99% used [0x0000000080000000,0x000000008d47e8c0,0x000000008d480000)
 Metaspace       used 121703K, capacity 129094K, committed 129176K, reserved 1161216K
  class space    used 15591K, capacity 17022K, committed 17064K, reserved 1048576K
Event: 2177.859 GC heap after
Heap after GC invocations=32 (full 5):
 PSYoungGen      total 452608K, used 0K [0x00000000d5580000, 0x00000000f8680000, 0x0000000100000000)
  eden space 400896K, 0% used [0x00000000d5580000,0x00000000d5580000,0x00000000edd00000)
  from space 51712K, 0% used [0x00000000f2080000,0x00000000f2080000,0x00000000f5300000)
  to   space 69120K, 12% used [0x00000000edd00000,0x00000000ee5739b8,0x00000000f2080000)
 ParOldGen       total 217600K, used 217563K [0x0000000080000000, 0x000000008d480000, 0x00000000d5580000)
  object space 217600K, 99% used [0x0000000080000000,0x000000008d476f08,0x000000008d480000)
 Metaspace       used 118753K, capacity 125500K, committed 129176K, reserved 1161216K
  class space    used 15181K, capacity 16456K, committed 17064K, reserved 1048576K
}

